Change Component Designator: OldDesignator=C3C NewDesignator=C4C
Change Component Designator: OldDesignator=C4 NewDesignator=C4A
Change Component Designator: OldDesignator=C4A NewDesignator=C9A
Change Component Designator: OldDesignator=C4C NewDesignator=C3C
Change Component Designator: OldDesignator=C5 NewDesignator=C5A
Change Component Designator: OldDesignator=C6 NewDesignator=C6A
Change Component Designator: OldDesignator=C7 NewDesignator=C7A
Change Component Designator: OldDesignator=C8 NewDesignator=C8A
Change Component Designator: OldDesignator=C10 NewDesignator=C10A
Change Component Designator: OldDesignator=D1 NewDesignator=D1A
Change Component Designator: OldDesignator=D1C NewDesignator=D2C
Change Component Designator: OldDesignator=D2C NewDesignator=D1C
Change Component Designator: OldDesignator=R1 NewDesignator=R1A
Change Component Designator: OldDesignator=R1A NewDesignator=R2A
Change Component Designator: OldDesignator=R1C NewDesignator=R2C
Change Component Designator: OldDesignator=R2A NewDesignator=R3A
Change Component Designator: OldDesignator=R2C NewDesignator=R3C
Change Component Designator: OldDesignator=R3C NewDesignator=R4C
Change Component Designator: OldDesignator=R4 NewDesignator=R4A
Change Component Designator: OldDesignator=R4C NewDesignator=R1C
Change Component Designator: OldDesignator=R5 NewDesignator=R5A
Change Component Designator: OldDesignator=R6 NewDesignator=R6A
Change Component Designator: OldDesignator=R7 NewDesignator=R7A
Change Component Designator: OldDesignator=S1 NewDesignator=S1A
Change Component Designator: OldDesignator=S2 NewDesignator=S2A
Change Component Designator: OldDesignator=U1 NewDesignator=U1A
Change Component Designator: OldDesignator=U2C NewDesignator=U1C
Change Component Designator: OldDesignator=Y1 NewDesignator=Y1A
Change Net Name : Old Net Name=NetD1_2 New Net Name=NetD1A_2
Change Net Name : Old Net Name=NetD1C_2 New Net Name=NetD2C_2
Change Net Name : Old Net Name=NetR4_1 New Net Name=NetR4A_1
Change Net Name : Old Net Name=NetR5_2 New Net Name=NetR5A_2
Change Net Name : Old Net Name=NetR7_2 New Net Name=NetR7A_2
